# JRE version: OpenJDK Runtime Environment Temurin-21.0.3+9 (21.0.3+9) (build 21.0.3+9-LTS)
# Java VM: OpenJDK 64-Bit Server VM Temurin-21.0.3+9 (21.0.3+9-LTS, mixed mode, emulated-client, tiered, compressed oops, compressed class ptrs, g1 gc, windows-amd64)
GC Precious Log:
 CardTable entry size: 512
 Card Set container configuration: InlinePtr #cards 5 size 8 Array Of Cards #cards 12 size 40 Howl #buckets 4 coarsen threshold 1843 Howl Bitmap #cards 512 size 80 coarsen threshold 460 Card regions per heap region 1 cards per card region 2048
 CPUs: 8 total, 8 available
 Memory: 7834M
 Large Page Support: Disabled
 NUMA Support: Disabled
 Compressed Oops: Enabled (32-bit)
 Heap Region Size: 1M
 Heap Min Capacity: 8M
 Heap Initial Capacity: 124M
 Heap Max Capacity: 1960M
 Pre-touch: Disabled
 Parallel Workers: 8
 Concurrent Workers: 2
 Concurrent Refinement Workers: 8
 Periodic GC: Disabled
Heap:
 garbage-first heap   total 130048K, used 52795K [0x0000000085800000, 0x0000000100000000)
  region size 1024K, 3 young (3072K), 3 survivors (3072K)
 Metaspace       used 92290K, committed 93056K, reserved 1179648K
  class space    used 12353K, committed 12672K, reserved 1048576K
GC Heap History (20 events):
Event: 4.131 GC heap after
{Heap after GC invocations=13 (full 0):
 garbage-first heap   total 73728K, used 28668K [0x0000000085800000, 0x0000000100000000)
  region size 1024K, 5 young (5120K), 5 survivors (5120K)
 Metaspace       used 50866K, committed 51392K, reserved 1114112K
  class space    used 6450K, committed 6720K, reserved 1048576K
}
Event: 4.469 GC heap before
{Heap before GC invocations=13 (full 0):
 garbage-first heap   total 73728K, used 68604K [0x0000000085800000, 0x0000000100000000)
  region size 1024K, 39 young (39936K), 5 survivors (5120K)
 Metaspace       used 53866K, committed 54464K, reserved 1114112K
  class space    used 6764K, committed 7040K, reserved 1048576K
}
Event: 4.475 GC heap after
{Heap after GC invocations=14 (full 0):
 garbage-first heap   total 79872K, used 33273K [0x0000000085800000, 0x0000000100000000)
  region size 1024K, 5 young (5120K), 5 survivors (5120K)
 Metaspace       used 53866K, committed 54464K, reserved 1114112K
  class space    used 6764K, committed 7040K, reserved 1048576K
}
Event: 4.794 GC heap before
{Heap before GC invocations=14 (full 0):
 garbage-first heap   total 79872K, used 48633K [0x0000000085800000, 0x0000000100000000)
  region size 1024K, 21 young (21504K), 5 survivors (5120K)
 Metaspace       used 59624K, committed 60160K, reserved 1114112K
  class space    used 7429K, committed 7680K, reserved 1048576K
}
Event: 4.798 GC heap after
{Heap after GC invocations=15 (full 0):
 garbage-first heap   total 79872K, used 35021K [0x0000000085800000, 0x0000000100000000)
  region size 1024K, 2 young (2048K), 2 survivors (2048K)
 Metaspace       used 59624K, committed 60160K, reserved 1114112K
  class space    used 7429K, committed 7680K, reserved 1048576K
}
Event: 5.396 GC heap before
{Heap before GC invocations=16 (full 0):
 garbage-first heap   total 79872K, used 68813K [0x0000000085800000, 0x0000000100000000)
  region size 1024K, 35 young (35840K), 2 survivors (2048K)
 Metaspace       used 66658K, committed 67264K, reserved 1114112K
  class space    used 8548K, committed 8832K, reserved 1048576K
}
Event: 5.400 GC heap after
{Heap after GC invocations=17 (full 0):
 garbage-first heap   total 79872K, used 37341K [0x0000000085800000, 0x0000000100000000)
  region size 1024K, 5 young (5120K), 5 survivors (5120K)
 Metaspace       used 66658K, committed 67264K, reserved 1114112K
  class space    used 8548K, committed 8832K, reserved 1048576K
}
Event: 5.885 GC heap before
{Heap before GC invocations=17 (full 0):
 garbage-first heap   total 79872K, used 68061K [0x0000000085800000, 0x0000000100000000)
  region size 1024K, 35 young (35840K), 5 survivors (5120K)
 Metaspace       used 74045K, committed 74624K, reserved 1114112K
  class space    used 9581K, committed 9856K, reserved 1048576K
}
Event: 5.890 GC heap after
{Heap after GC invocations=18 (full 0):
 garbage-first heap   total 79872K, used 38735K [0x0000000085800000, 0x0000000100000000)
  region size 1024K, 5 young (5120K), 5 survivors (5120K)
 Metaspace       used 74045K, committed 74624K, reserved 1114112K
  class space    used 9581K, committed 9856K, reserved 1048576K
}
Event: 6.434 GC heap before
{Heap before GC invocations=18 (full 0):
 garbage-first heap   total 79872K, used 68431K [0x0000000085800000, 0x0000000100000000)
  region size 1024K, 34 young (34816K), 5 survivors (5120K)
 Metaspace       used 82758K, committed 83456K, reserved 1179648K
  class space    used 10997K, committed 11328K, reserved 1048576K
}
Event: 6.440 GC heap after
{Heap after GC invocations=19 (full 0):
 garbage-first heap   total 79872K, used 39780K [0x0000000085800000, 0x0000000100000000)
  region size 1024K, 3 young (3072K), 3 survivors (3072K)
 Metaspace       used 82758K, committed 83456K, reserved 1179648K
  class space    used 10997K, committed 11328K, reserved 1048576K
}
Event: 7.039 GC heap before
{Heap before GC invocations=19 (full 0):
 garbage-first heap   total 79872K, used 71524K [0x0000000085800000, 0x0000000100000000)
  region size 1024K, 34 young (34816K), 3 survivors (3072K)
 Metaspace       used 87679K, committed 88448K, reserved 1179648K
  class space    used 11638K, committed 11968K, reserved 1048576K
}
Event: 7.044 GC heap after
{Heap after GC invocations=20 (full 0):
 garbage-first heap   total 79872K, used 42798K [0x0000000085800000, 0x0000000100000000)
  region size 1024K, 5 young (5120K), 5 survivors (5120K)
 Metaspace       used 87679K, committed 88448K, reserved 1179648K
  class space    used 11638K, committed 11968K, reserved 1048576K
}
Event: 7.386 GC heap before
{Heap before GC invocations=21 (full 0):
 garbage-first heap   total 79872K, used 68398K [0x0000000085800000, 0x0000000100000000)
  region size 1024K, 30 young (30720K), 5 survivors (5120K)
 Metaspace       used 89285K, committed 90048K, reserved 1179648K
  class space    used 11950K, committed 12288K, reserved 1048576K
}
Event: 7.391 GC heap after
{Heap after GC invocations=22 (full 0):
 garbage-first heap   total 79872K, used 44541K [0x0000000085800000, 0x0000000100000000)
  region size 1024K, 2 young (2048K), 2 survivors (2048K)
 Metaspace       used 89285K, committed 90048K, reserved 1179648K
  class space    used 11950K, committed 12288K, reserved 1048576K
}
Event: 7.801 GC heap before
{Heap before GC invocations=22 (full 0):
 garbage-first heap   total 79872K, used 72189K [0x0000000085800000, 0x0000000100000000)
  region size 1024K, 29 young (29696K), 2 survivors (2048K)
 Metaspace       used 92106K, committed 92928K, reserved 1179648K
  class space    used 12336K, committed 12672K, reserved 1048576K
}
Event: 7.804 GC heap after
{Heap after GC invocations=23 (full 0):
 garbage-first heap   total 79872K, used 46703K [0x0000000085800000, 0x0000000100000000)
  region size 1024K, 4 young (4096K), 4 survivors (4096K)
 Metaspace       used 92106K, committed 92928K, reserved 1179648K
  class space    used 12336K, committed 12672K, reserved 1048576K
}
Event: 7.828 GC heap before
{Heap before GC invocations=23 (full 0):
 garbage-first heap   total 79872K, used 48751K [0x0000000085800000, 0x0000000100000000)
  region size 1024K, 7 young (7168K), 4 survivors (4096K)
 Metaspace       used 92266K, committed 93056K, reserved 1179648K
  class space    used 12350K, committed 12672K, reserved 1048576K
}
Event: 7.833 GC heap after
{Heap after GC invocations=24 (full 0):
 garbage-first heap   total 79872K, used 47974K [0x0000000085800000, 0x0000000100000000)
  region size 1024K, 2 young (2048K), 2 survivors (2048K)
 Metaspace       used 92266K, committed 93056K, reserved 1179648K
  class space    used 12350K, committed 12672K, reserved 1048576K
}
Event: 7.898 GC heap before
{Heap before GC invocations=24 (full 0):
 garbage-first heap   total 111616K, used 70502K [0x0000000085800000, 0x0000000100000000)
  region size 1024K, 24 young (24576K), 2 survivors (2048K)
 Metaspace       used 92290K, committed 93056K, reserved 1179648K
  class space    used 12353K, committed 12672K, reserved 1048576K
}

