# JRE version: OpenJDK Runtime Environment Temurin-21.0.3+9 (21.0.3+9) (build 21.0.3+9-LTS)
# Java VM: OpenJDK 64-Bit Server VM Temurin-21.0.3+9 (21.0.3+9-LTS, mixed mode, emulated-client, tiered, compressed oops, compressed class ptrs, g1 gc, windows-amd64)
GC Precious Log:
 CardTable entry size: 512
 Card Set container configuration: InlinePtr #cards 5 size 8 Array Of Cards #cards 12 size 40 Howl #buckets 4 coarsen threshold 1843 Howl Bitmap #cards 512 size 80 coarsen threshold 460 Card regions per heap region 1 cards per card region 2048
 CPUs: 8 total, 8 available
 Memory: 7834M
 Large Page Support: Disabled
 NUMA Support: Disabled
 Compressed Oops: Enabled (32-bit)
 Heap Region Size: 1M
 Heap Min Capacity: 8M
 Heap Initial Capacity: 124M
 Heap Max Capacity: 1G
 Pre-touch: Disabled
 Parallel Workers: 8
 Concurrent Workers: 2
 Concurrent Refinement Workers: 8
 Periodic GC: Disabled
Heap:
 garbage-first heap   total 116736K, used 47270K [0x00000000c0000000, 0x0000000100000000)
  region size 1024K, 1 young (1024K), 0 survivors (0K)
 Metaspace       used 67665K, committed 68416K, reserved 1114112K
  class space    used 7911K, committed 8256K, reserved 1048576K
GC Heap History (20 events):
Event: 5541.102 GC heap after
{Heap after GC invocations=500 (full 434):
 garbage-first heap   total 116736K, used 43499K [0x00000000c0000000, 0x0000000100000000)
  region size 1024K, 0 young (0K), 0 survivors (0K)
 Metaspace       used 67553K, committed 68352K, reserved 1114112K
  class space    used 7888K, committed 8256K, reserved 1048576K
}
Event: 5551.275 GC heap before
{Heap before GC invocations=500 (full 434):
 garbage-first heap   total 116736K, used 43499K [0x00000000c0000000, 0x0000000100000000)
  region size 1024K, 1 young (1024K), 0 survivors (0K)
 Metaspace       used 67553K, committed 68352K, reserved 1114112K
  class space    used 7888K, committed 8256K, reserved 1048576K
}
Event: 5551.301 GC heap after
{Heap after GC invocations=501 (full 435):
 garbage-first heap   total 116736K, used 43499K [0x00000000c0000000, 0x0000000100000000)
  region size 1024K, 0 young (0K), 0 survivors (0K)
 Metaspace       used 67553K, committed 68352K, reserved 1114112K
  class space    used 7888K, committed 8256K, reserved 1048576K
}
Event: 5561.413 GC heap before
{Heap before GC invocations=501 (full 435):
 garbage-first heap   total 116736K, used 43499K [0x00000000c0000000, 0x0000000100000000)
  region size 1024K, 1 young (1024K), 0 survivors (0K)
 Metaspace       used 67553K, committed 68352K, reserved 1114112K
  class space    used 7888K, committed 8256K, reserved 1048576K
}
Event: 5561.444 GC heap after
{Heap after GC invocations=502 (full 436):
 garbage-first heap   total 116736K, used 43499K [0x00000000c0000000, 0x0000000100000000)
  region size 1024K, 0 young (0K), 0 survivors (0K)
 Metaspace       used 67553K, committed 68352K, reserved 1114112K
  class space    used 7888K, committed 8256K, reserved 1048576K
}
Event: 5620.437 GC heap before
{Heap before GC invocations=502 (full 436):
 garbage-first heap   total 116736K, used 104939K [0x00000000c0000000, 0x0000000100000000)
  region size 1024K, 61 young (62464K), 0 survivors (0K)
 Metaspace       used 67630K, committed 68352K, reserved 1114112K
  class space    used 7907K, committed 8256K, reserved 1048576K
}
Event: 5620.461 GC heap after
{Heap after GC invocations=503 (full 436):
 garbage-first heap   total 116736K, used 45246K [0x00000000c0000000, 0x0000000100000000)
  region size 1024K, 2 young (2048K), 2 survivors (2048K)
 Metaspace       used 67630K, committed 68352K, reserved 1114112K
  class space    used 7907K, committed 8256K, reserved 1048576K
}
Event: 5633.210 GC heap before
{Heap before GC invocations=504 (full 436):
 garbage-first heap   total 116736K, used 105662K [0x00000000c0000000, 0x0000000100000000)
  region size 1024K, 61 young (62464K), 2 survivors (2048K)
 Metaspace       used 67677K, committed 68352K, reserved 1114112K
  class space    used 7913K, committed 8256K, reserved 1048576K
}
Event: 5633.214 GC heap after
{Heap after GC invocations=505 (full 436):
 garbage-first heap   total 116736K, used 45853K [0x00000000c0000000, 0x0000000100000000)
  region size 1024K, 3 young (3072K), 3 survivors (3072K)
 Metaspace       used 67677K, committed 68352K, reserved 1114112K
  class space    used 7913K, committed 8256K, reserved 1048576K
}
Event: 5670.358 GC heap before
{Heap before GC invocations=505 (full 436):
 garbage-first heap   total 116736K, used 104221K [0x00000000c0000000, 0x0000000100000000)
  region size 1024K, 60 young (61440K), 3 survivors (3072K)
 Metaspace       used 67678K, committed 68352K, reserved 1114112K
  class space    used 7913K, committed 8256K, reserved 1048576K
}
Event: 5670.361 GC heap after
{Heap after GC invocations=506 (full 436):
 garbage-first heap   total 116736K, used 45166K [0x00000000c0000000, 0x0000000100000000)
  region size 1024K, 2 young (2048K), 2 survivors (2048K)
 Metaspace       used 67678K, committed 68352K, reserved 1114112K
  class space    used 7913K, committed 8256K, reserved 1048576K
}
Event: 5678.186 GC heap before
{Heap before GC invocations=506 (full 436):
 garbage-first heap   total 116736K, used 106606K [0x00000000c0000000, 0x0000000100000000)
  region size 1024K, 62 young (63488K), 2 survivors (2048K)
 Metaspace       used 67708K, committed 68416K, reserved 1114112K
  class space    used 7922K, committed 8256K, reserved 1048576K
}
Event: 5678.194 GC heap after
{Heap after GC invocations=507 (full 436):
 garbage-first heap   total 116736K, used 46443K [0x00000000c0000000, 0x0000000100000000)
  region size 1024K, 3 young (3072K), 3 survivors (3072K)
 Metaspace       used 67708K, committed 68416K, reserved 1114112K
  class space    used 7922K, committed 8256K, reserved 1048576K
}
Event: 5711.716 GC heap before
{Heap before GC invocations=508 (full 436):
 garbage-first heap   total 116736K, used 73067K [0x00000000c0000000, 0x0000000100000000)
  region size 1024K, 31 young (31744K), 3 survivors (3072K)
 Metaspace       used 67708K, committed 68416K, reserved 1114112K
  class space    used 7922K, committed 8256K, reserved 1048576K
}
Event: 5711.870 GC heap after
{Heap after GC invocations=509 (full 437):
 garbage-first heap   total 116736K, used 47834K [0x00000000c0000000, 0x0000000100000000)
  region size 1024K, 0 young (0K), 0 survivors (0K)
 Metaspace       used 67665K, committed 68416K, reserved 1114112K
  class space    used 7911K, committed 8256K, reserved 1048576K
}
Event: 5722.024 GC heap before
{Heap before GC invocations=509 (full 437):
 garbage-first heap   total 116736K, used 47834K [0x00000000c0000000, 0x0000000100000000)
  region size 1024K, 1 young (1024K), 0 survivors (0K)
 Metaspace       used 67665K, committed 68416K, reserved 1114112K
  class space    used 7911K, committed 8256K, reserved 1048576K
}
Event: 5722.058 GC heap after
{Heap after GC invocations=510 (full 438):
 garbage-first heap   total 116736K, used 47270K [0x00000000c0000000, 0x0000000100000000)
  region size 1024K, 0 young (0K), 0 survivors (0K)
 Metaspace       used 67665K, committed 68416K, reserved 1114112K
  class space    used 7911K, committed 8256K, reserved 1048576K
}
Event: 5732.202 GC heap before
{Heap before GC invocations=510 (full 438):
 garbage-first heap   total 116736K, used 47270K [0x00000000c0000000, 0x0000000100000000)
  region size 1024K, 1 young (1024K), 0 survivors (0K)
 Metaspace       used 67665K, committed 68416K, reserved 1114112K
  class space    used 7911K, committed 8256K, reserved 1048576K
}
Event: 5732.239 GC heap after
{Heap after GC invocations=511 (full 439):
 garbage-first heap   total 116736K, used 47270K [0x00000000c0000000, 0x0000000100000000)
  region size 1024K, 0 young (0K), 0 survivors (0K)
 Metaspace       used 67665K, committed 68416K, reserved 1114112K
  class space    used 7911K, committed 8256K, reserved 1048576K
}
Event: 5742.307 GC heap before
{Heap before GC invocations=511 (full 439):
 garbage-first heap   total 116736K, used 47270K [0x00000000c0000000, 0x0000000100000000)
  region size 1024K, 1 young (1024K), 0 survivors (0K)
 Metaspace       used 67665K, committed 68416K, reserved 1114112K
  class space    used 7911K, committed 8256K, reserved 1048576K
}

