# JRE version: OpenJDK Runtime Environment Temurin-21.0.3+9 (21.0.3+9) (build 21.0.3+9-LTS)
# Java VM: OpenJDK 64-Bit Server VM Temurin-21.0.3+9 (21.0.3+9-LTS, mixed mode, emulated-client, tiered, compressed oops, compressed class ptrs, g1 gc, windows-amd64)
GC Precious Log:
 CardTable entry size: 512
 Card Set container configuration: InlinePtr #cards 5 size 8 Array Of Cards #cards 12 size 40 Howl #buckets 4 coarsen threshold 1843 Howl Bitmap #cards 512 size 80 coarsen threshold 460 Card regions per heap region 1 cards per card region 2048
 CPUs: 8 total, 8 available
 Memory: 7834M
 Large Page Support: Disabled
 NUMA Support: Disabled
 Compressed Oops: Enabled (32-bit)
 Heap Region Size: 1M
 Heap Min Capacity: 8M
 Heap Initial Capacity: 124M
 Heap Max Capacity: 1G
 Pre-touch: Disabled
 Parallel Workers: 8
 Concurrent Workers: 2
 Concurrent Refinement Workers: 8
 Periodic GC: Disabled
Heap:
 garbage-first heap   total 126976K, used 45849K [0x00000000c0000000, 0x0000000100000000)
  region size 1024K, 1 young (1024K), 0 survivors (0K)
 Metaspace       used 66123K, committed 66880K, reserved 1114112K
  class space    used 7686K, committed 8000K, reserved 1048576K
GC Heap History (20 events):
Event: 3308.994 GC heap after
{Heap after GC invocations=249 (full 197):
 garbage-first heap   total 126976K, used 46862K [0x00000000c0000000, 0x0000000100000000)
  region size 1024K, 0 young (0K), 0 survivors (0K)
 Metaspace       used 66190K, committed 66880K, reserved 1114112K
  class space    used 7703K, committed 8000K, reserved 1048576K
}
Event: 3319.098 GC heap before
{Heap before GC invocations=249 (full 197):
 garbage-first heap   total 126976K, used 46862K [0x00000000c0000000, 0x0000000100000000)
  region size 1024K, 1 young (1024K), 0 survivors (0K)
 Metaspace       used 66190K, committed 66880K, reserved 1114112K
  class space    used 7703K, committed 8000K, reserved 1048576K
}
Event: 3319.138 GC heap after
{Heap after GC invocations=250 (full 198):
 garbage-first heap   total 126976K, used 46233K [0x00000000c0000000, 0x0000000100000000)
  region size 1024K, 0 young (0K), 0 survivors (0K)
 Metaspace       used 66155K, committed 66880K, reserved 1114112K
  class space    used 7694K, committed 8000K, reserved 1048576K
}
Event: 3329.289 GC heap before
{Heap before GC invocations=250 (full 198):
 garbage-first heap   total 126976K, used 46233K [0x00000000c0000000, 0x0000000100000000)
  region size 1024K, 1 young (1024K), 0 survivors (0K)
 Metaspace       used 66155K, committed 66880K, reserved 1114112K
  class space    used 7694K, committed 8000K, reserved 1048576K
}
Event: 3329.322 GC heap after
{Heap after GC invocations=251 (full 199):
 garbage-first heap   total 126976K, used 45848K [0x00000000c0000000, 0x0000000100000000)
  region size 1024K, 0 young (0K), 0 survivors (0K)
 Metaspace       used 66123K, committed 66880K, reserved 1114112K
  class space    used 7686K, committed 8000K, reserved 1048576K
}
Event: 3339.446 GC heap before
{Heap before GC invocations=251 (full 199):
 garbage-first heap   total 126976K, used 45848K [0x00000000c0000000, 0x0000000100000000)
  region size 1024K, 1 young (1024K), 0 survivors (0K)
 Metaspace       used 66123K, committed 66880K, reserved 1114112K
  class space    used 7686K, committed 8000K, reserved 1048576K
}
Event: 3339.484 GC heap after
{Heap after GC invocations=252 (full 200):
 garbage-first heap   total 126976K, used 45849K [0x00000000c0000000, 0x0000000100000000)
  region size 1024K, 0 young (0K), 0 survivors (0K)
 Metaspace       used 66123K, committed 66880K, reserved 1114112K
  class space    used 7686K, committed 8000K, reserved 1048576K
}
Event: 3349.676 GC heap before
{Heap before GC invocations=252 (full 200):
 garbage-first heap   total 126976K, used 45849K [0x00000000c0000000, 0x0000000100000000)
  region size 1024K, 1 young (1024K), 0 survivors (0K)
 Metaspace       used 66123K, committed 66880K, reserved 1114112K
  class space    used 7686K, committed 8000K, reserved 1048576K
}
Event: 3349.709 GC heap after
{Heap after GC invocations=253 (full 201):
 garbage-first heap   total 126976K, used 45849K [0x00000000c0000000, 0x0000000100000000)
  region size 1024K, 0 young (0K), 0 survivors (0K)
 Metaspace       used 66123K, committed 66880K, reserved 1114112K
  class space    used 7686K, committed 8000K, reserved 1048576K
}
Event: 3359.844 GC heap before
{Heap before GC invocations=253 (full 201):
 garbage-first heap   total 126976K, used 45849K [0x00000000c0000000, 0x0000000100000000)
  region size 1024K, 1 young (1024K), 0 survivors (0K)
 Metaspace       used 66123K, committed 66880K, reserved 1114112K
  class space    used 7686K, committed 8000K, reserved 1048576K
}
Event: 3359.880 GC heap after
{Heap after GC invocations=254 (full 202):
 garbage-first heap   total 126976K, used 45849K [0x00000000c0000000, 0x0000000100000000)
  region size 1024K, 0 young (0K), 0 survivors (0K)
 Metaspace       used 66123K, committed 66880K, reserved 1114112K
  class space    used 7686K, committed 8000K, reserved 1048576K
}
Event: 3370.001 GC heap before
{Heap before GC invocations=254 (full 202):
 garbage-first heap   total 126976K, used 45849K [0x00000000c0000000, 0x0000000100000000)
  region size 1024K, 1 young (1024K), 0 survivors (0K)
 Metaspace       used 66123K, committed 66880K, reserved 1114112K
  class space    used 7686K, committed 8000K, reserved 1048576K
}
Event: 3370.034 GC heap after
{Heap after GC invocations=255 (full 203):
 garbage-first heap   total 126976K, used 45849K [0x00000000c0000000, 0x0000000100000000)
  region size 1024K, 0 young (0K), 0 survivors (0K)
 Metaspace       used 66123K, committed 66880K, reserved 1114112K
  class space    used 7686K, committed 8000K, reserved 1048576K
}
Event: 3380.159 GC heap before
{Heap before GC invocations=255 (full 203):
 garbage-first heap   total 126976K, used 45849K [0x00000000c0000000, 0x0000000100000000)
  region size 1024K, 1 young (1024K), 0 survivors (0K)
 Metaspace       used 66123K, committed 66880K, reserved 1114112K
  class space    used 7686K, committed 8000K, reserved 1048576K
}
Event: 3380.193 GC heap after
{Heap after GC invocations=256 (full 204):
 garbage-first heap   total 126976K, used 45849K [0x00000000c0000000, 0x0000000100000000)
  region size 1024K, 0 young (0K), 0 survivors (0K)
 Metaspace       used 66123K, committed 66880K, reserved 1114112K
  class space    used 7686K, committed 8000K, reserved 1048576K
}
Event: 3390.347 GC heap before
{Heap before GC invocations=256 (full 204):
 garbage-first heap   total 126976K, used 45849K [0x00000000c0000000, 0x0000000100000000)
  region size 1024K, 1 young (1024K), 0 survivors (0K)
 Metaspace       used 66123K, committed 66880K, reserved 1114112K
  class space    used 7686K, committed 8000K, reserved 1048576K
}
Event: 3390.383 GC heap after
{Heap after GC invocations=257 (full 205):
 garbage-first heap   total 126976K, used 45849K [0x00000000c0000000, 0x0000000100000000)
  region size 1024K, 0 young (0K), 0 survivors (0K)
 Metaspace       used 66123K, committed 66880K, reserved 1114112K
  class space    used 7686K, committed 8000K, reserved 1048576K
}
Event: 3400.504 GC heap before
{Heap before GC invocations=257 (full 205):
 garbage-first heap   total 126976K, used 45849K [0x00000000c0000000, 0x0000000100000000)
  region size 1024K, 1 young (1024K), 0 survivors (0K)
 Metaspace       used 66123K, committed 66880K, reserved 1114112K
  class space    used 7686K, committed 8000K, reserved 1048576K
}
Event: 3400.544 GC heap after
{Heap after GC invocations=258 (full 206):
 garbage-first heap   total 126976K, used 45849K [0x00000000c0000000, 0x0000000100000000)
  region size 1024K, 0 young (0K), 0 survivors (0K)
 Metaspace       used 66123K, committed 66880K, reserved 1114112K
  class space    used 7686K, committed 8000K, reserved 1048576K
}
Event: 3410.713 GC heap before
{Heap before GC invocations=258 (full 206):
 garbage-first heap   total 126976K, used 45849K [0x00000000c0000000, 0x0000000100000000)
  region size 1024K, 1 young (1024K), 0 survivors (0K)
 Metaspace       used 66123K, committed 66880K, reserved 1114112K
  class space    used 7686K, committed 8000K, reserved 1048576K
}

